[debug] [2020-06-24T05:41:02.153Z] ----------------------------------------------------------------------
[debug] [2020-06-24T05:41:02.156Z] Command:       C:\Program Files\nodejs\node.exe C:\Users\Luigi\AppData\Roaming\npm\node_modules\firebase-tools\lib\bin\firebase.js emulators:start --only functions
[debug] [2020-06-24T05:41:02.156Z] CLI Version:   8.4.3
[debug] [2020-06-24T05:41:02.156Z] Platform:      win32
[debug] [2020-06-24T05:41:02.156Z] Node Version:  v12.16.1
[debug] [2020-06-24T05:41:02.163Z] Time:          Wed Jun 24 2020 00:41:02 GMT-0500 (GMT-05:00)
[debug] [2020-06-24T05:41:02.164Z] ----------------------------------------------------------------------
[debug] [2020-06-24T05:41:02.164Z] 
[debug] [2020-06-24T05:41:02.175Z] > command requires scopes: ["email","openid","https://www.googleapis.com/auth/cloudplatformprojects.readonly","https://www.googleapis.com/auth/firebase","https://www.googleapis.com/auth/cloud-platform"]
[debug] [2020-06-24T05:41:02.175Z] > authorizing via signed-in user
[info] i  emulators: Starting emulators: functions {"metadata":{"emulator":{"name":"hub"},"message":"Starting emulators: functions"}}
[debug] [2020-06-24T05:41:04.206Z] [hub] writing locator at C:\Users\Luigi\AppData\Local\Temp\hub-angulardemo-6a542.json
[warn] !  Your requested "node" version "8" doesn't match your global version "12" {"metadata":{"emulator":{"name":"functions"},"message":"Your requested \"node\" version \"8\" doesn't match your global version \"12\""}}
[debug] [2020-06-24T05:41:10.241Z] Ignoring unsupported arg: auto_download {"metadata":{"emulator":{"name":"ui"},"message":"Ignoring unsupported arg: auto_download"}}
[debug] [2020-06-24T05:41:10.241Z] Ignoring unsupported arg: port {"metadata":{"emulator":{"name":"ui"},"message":"Ignoring unsupported arg: port"}}
[debug] [2020-06-24T05:41:10.241Z] Starting Emulator UI with command {"binary":"node","args":["C:\\Users\\Luigi\\.cache\\firebase\\emulators\\ui-v1.1.0\\server.bundle.js"],"optionalArgs":[],"joinArgs":false} {"metadata":{"emulator":{"name":"ui"},"message":"Starting Emulator UI with command {\"binary\":\"node\",\"args\":[\"C:\\\\Users\\\\Luigi\\\\.cache\\\\firebase\\\\emulators\\\\ui-v1.1.0\\\\server.bundle.js\"],\"optionalArgs\":[],\"joinArgs\":false}"}}
[info] i  ui: Emulator UI logging to ui-debug.log {"metadata":{"emulator":{"name":"ui"},"message":"Emulator UI logging to \u001b[1mui-debug.log\u001b[22m"}}
[debug] [2020-06-24T05:41:10.377Z] Web / API server started at http://localhost:4000
 {"metadata":{"emulator":{"name":"ui"},"message":"Web / API server started at http://localhost:4000\n"}}
[info] i  functions: Watching "C:\Users\Luigi\Desktop\Tecnologias_web\PROYECTO FINAL\pruebaFirebase\firebase-demo\functions" for Cloud Functions... {"metadata":{"emulator":{"name":"functions"},"message":"Watching \"C:\\Users\\Luigi\\Desktop\\Tecnologias_web\\PROYECTO FINAL\\pruebaFirebase\\firebase-demo\\functions\" for Cloud Functions..."}}
[debug] [2020-06-24T05:41:10.772Z] [worker-pool] addWorker(~diagnostic~) {"metadata":{"emulator":{"name":"functions"},"message":"[worker-pool] addWorker(~diagnostic~)"}}
[debug] [2020-06-24T05:41:10.772Z] [worker-pool] Adding worker with key ~diagnostic~, total=1 {"metadata":{"emulator":{"name":"functions"},"message":"[worker-pool] Adding worker with key ~diagnostic~, total=1"}}
[debug] [2020-06-24T05:41:10.772Z] [worker-pool] submitWork(triggerId=) {"metadata":{"emulator":{"name":"functions"},"message":"[worker-pool] submitWork(triggerId=)"}}
[debug] [2020-06-24T05:41:10.773Z] [worker-~diagnostic~-8d877b6c-5c4e-453c-a101-1480309698e8]: Assigning socketPath: \\?\pipe\C:\Users\Luigi\Desktop\Tecnologias_web\PROYECTO FINAL\pruebaFirebase\firebase-demo\functions\5288 {"metadata":{"emulator":{"name":"functions"},"message":"[worker-~diagnostic~-8d877b6c-5c4e-453c-a101-1480309698e8]: Assigning socketPath: \\\\?\\pipe\\C:\\Users\\Luigi\\Desktop\\Tecnologias_web\\PROYECTO FINAL\\pruebaFirebase\\firebase-demo\\functions\\5288"}}
[debug] [2020-06-24T05:41:10.774Z] [worker-~diagnostic~-8d877b6c-5c4e-453c-a101-1480309698e8]: BUSY {"metadata":{"emulator":{"name":"functions"},"message":"[worker-~diagnostic~-8d877b6c-5c4e-453c-a101-1480309698e8]: BUSY"}}
[debug] [2020-06-24T05:41:11.148Z] [runtime-status] [5288] Functions runtime initialized. {"cwd":"C:\\Users\\Luigi\\Desktop\\Tecnologias_web\\PROYECTO FINAL\\pruebaFirebase\\firebase-demo\\functions","node_version":"12.16.1"} {"metadata":{"emulator":{"name":"functions"},"message":"[runtime-status] [5288] Functions runtime initialized. {\"cwd\":\"C:\\\\Users\\\\Luigi\\\\Desktop\\\\Tecnologias_web\\\\PROYECTO FINAL\\\\pruebaFirebase\\\\firebase-demo\\\\functions\",\"node_version\":\"12.16.1\"}"}}
[debug] [2020-06-24T05:41:11.149Z] [runtime-status] [5288] Disabled runtime features: undefined {"metadata":{"emulator":{"name":"functions"},"message":"[runtime-status] [5288] Disabled runtime features: undefined"}}
[debug] [2020-06-24T05:41:11.155Z] [runtime-status] [5288] Resolved module firebase-admin {"declared":true,"installed":true,"version":"8.12.1","resolution":"C:\\Users\\Luigi\\Desktop\\Tecnologias_web\\PROYECTO FINAL\\pruebaFirebase\\firebase-demo\\functions\\node_modules\\firebase-admin\\lib\\index.js"} {"metadata":{"emulator":{"name":"functions"},"message":"[runtime-status] [5288] Resolved module firebase-admin {\"declared\":true,\"installed\":true,\"version\":\"8.12.1\",\"resolution\":\"C:\\\\Users\\\\Luigi\\\\Desktop\\\\Tecnologias_web\\\\PROYECTO FINAL\\\\pruebaFirebase\\\\firebase-demo\\\\functions\\\\node_modules\\\\firebase-admin\\\\lib\\\\index.js\"}"}}
[debug] [2020-06-24T05:41:11.158Z] [runtime-status] [5288] Resolved module firebase-functions {"declared":true,"installed":true,"version":"3.7.0","resolution":"C:\\Users\\Luigi\\Desktop\\Tecnologias_web\\PROYECTO FINAL\\pruebaFirebase\\firebase-demo\\functions\\node_modules\\firebase-functions\\lib\\index.js"} {"metadata":{"emulator":{"name":"functions"},"message":"[runtime-status] [5288] Resolved module firebase-functions {\"declared\":true,\"installed\":true,\"version\":\"3.7.0\",\"resolution\":\"C:\\\\Users\\\\Luigi\\\\Desktop\\\\Tecnologias_web\\\\PROYECTO FINAL\\\\pruebaFirebase\\\\firebase-demo\\\\functions\\\\node_modules\\\\firebase-functions\\\\lib\\\\index.js\"}"}}
[debug] [2020-06-24T05:41:11.160Z] [runtime-status] [5288] Outgoing network have been stubbed. [{"name":"http","status":"mocked"},{"name":"http","status":"mocked"},{"name":"https","status":"mocked"},{"name":"https","status":"mocked"},{"name":"net","status":"mocked"}] {"metadata":{"emulator":{"name":"functions"},"message":"[runtime-status] [5288] Outgoing network have been stubbed. [{\"name\":\"http\",\"status\":\"mocked\"},{\"name\":\"http\",\"status\":\"mocked\"},{\"name\":\"https\",\"status\":\"mocked\"},{\"name\":\"https\",\"status\":\"mocked\"},{\"name\":\"net\",\"status\":\"mocked\"}]"}}
[debug] [2020-06-24T05:41:11.160Z] [runtime-status] [5288] Resolved module firebase-functions {"declared":true,"installed":true,"version":"3.7.0","resolution":"C:\\Users\\Luigi\\Desktop\\Tecnologias_web\\PROYECTO FINAL\\pruebaFirebase\\firebase-demo\\functions\\node_modules\\firebase-functions\\lib\\index.js"} {"metadata":{"emulator":{"name":"functions"},"message":"[runtime-status] [5288] Resolved module firebase-functions {\"declared\":true,\"installed\":true,\"version\":\"3.7.0\",\"resolution\":\"C:\\\\Users\\\\Luigi\\\\Desktop\\\\Tecnologias_web\\\\PROYECTO FINAL\\\\pruebaFirebase\\\\firebase-demo\\\\functions\\\\node_modules\\\\firebase-functions\\\\lib\\\\index.js\"}"}}
[debug] [2020-06-24T05:41:11.220Z] [runtime-status] [5288] Checked functions.config() {"config":{}} {"metadata":{"emulator":{"name":"functions"},"message":"[runtime-status] [5288] Checked functions.config() {\"config\":{}}"}}
[debug] [2020-06-24T05:41:11.220Z] [runtime-status] [5288] firebase-functions has been stubbed. {"functionsResolution":{"declared":true,"installed":true,"version":"3.7.0","resolution":"C:\\Users\\Luigi\\Desktop\\Tecnologias_web\\PROYECTO FINAL\\pruebaFirebase\\firebase-demo\\functions\\node_modules\\firebase-functions\\lib\\index.js"}} {"metadata":{"emulator":{"name":"functions"},"message":"[runtime-status] [5288] firebase-functions has been stubbed. {\"functionsResolution\":{\"declared\":true,\"installed\":true,\"version\":\"3.7.0\",\"resolution\":\"C:\\\\Users\\\\Luigi\\\\Desktop\\\\Tecnologias_web\\\\PROYECTO FINAL\\\\pruebaFirebase\\\\firebase-demo\\\\functions\\\\node_modules\\\\firebase-functions\\\\lib\\\\index.js\"}}"}}
[debug] [2020-06-24T05:41:11.220Z] [runtime-status] [5288] Resolved module firebase-functions {"declared":true,"installed":true,"version":"3.7.0","resolution":"C:\\Users\\Luigi\\Desktop\\Tecnologias_web\\PROYECTO FINAL\\pruebaFirebase\\firebase-demo\\functions\\node_modules\\firebase-functions\\lib\\index.js"} {"metadata":{"emulator":{"name":"functions"},"message":"[runtime-status] [5288] Resolved module firebase-functions {\"declared\":true,\"installed\":true,\"version\":\"3.7.0\",\"resolution\":\"C:\\\\Users\\\\Luigi\\\\Desktop\\\\Tecnologias_web\\\\PROYECTO FINAL\\\\pruebaFirebase\\\\firebase-demo\\\\functions\\\\node_modules\\\\firebase-functions\\\\lib\\\\index.js\"}"}}
[debug] [2020-06-24T05:41:11.221Z] [runtime-status] [5288] Resolved module firebase-admin {"declared":true,"installed":true,"version":"8.12.1","resolution":"C:\\Users\\Luigi\\Desktop\\Tecnologias_web\\PROYECTO FINAL\\pruebaFirebase\\firebase-demo\\functions\\node_modules\\firebase-admin\\lib\\index.js"} {"metadata":{"emulator":{"name":"functions"},"message":"[runtime-status] [5288] Resolved module firebase-admin {\"declared\":true,\"installed\":true,\"version\":\"8.12.1\",\"resolution\":\"C:\\\\Users\\\\Luigi\\\\Desktop\\\\Tecnologias_web\\\\PROYECTO FINAL\\\\pruebaFirebase\\\\firebase-demo\\\\functions\\\\node_modules\\\\firebase-admin\\\\lib\\\\index.js\"}"}}
[debug] [2020-06-24T05:41:11.222Z] [runtime-status] [5288] Resolved module firebase-functions {"declared":true,"installed":true,"version":"3.7.0","resolution":"C:\\Users\\Luigi\\Desktop\\Tecnologias_web\\PROYECTO FINAL\\pruebaFirebase\\firebase-demo\\functions\\node_modules\\firebase-functions\\lib\\index.js"} {"metadata":{"emulator":{"name":"functions"},"message":"[runtime-status] [5288] Resolved module firebase-functions {\"declared\":true,\"installed\":true,\"version\":\"3.7.0\",\"resolution\":\"C:\\\\Users\\\\Luigi\\\\Desktop\\\\Tecnologias_web\\\\PROYECTO FINAL\\\\pruebaFirebase\\\\firebase-demo\\\\functions\\\\node_modules\\\\firebase-functions\\\\lib\\\\index.js\"}"}}
[debug] [2020-06-24T05:41:11.222Z] [runtime-status] [5288] firebase-admin has been stubbed. {"adminResolution":{"declared":true,"installed":true,"version":"8.12.1","resolution":"C:\\Users\\Luigi\\Desktop\\Tecnologias_web\\PROYECTO FINAL\\pruebaFirebase\\firebase-demo\\functions\\node_modules\\firebase-admin\\lib\\index.js"}} {"metadata":{"emulator":{"name":"functions"},"message":"[runtime-status] [5288] firebase-admin has been stubbed. {\"adminResolution\":{\"declared\":true,\"installed\":true,\"version\":\"8.12.1\",\"resolution\":\"C:\\\\Users\\\\Luigi\\\\Desktop\\\\Tecnologias_web\\\\PROYECTO FINAL\\\\pruebaFirebase\\\\firebase-demo\\\\functions\\\\node_modules\\\\firebase-admin\\\\lib\\\\index.js\"}}"}}
[info] +  functions[app]: http function initialized (http://localhost:5001/angulardemo-6a542/us-central1/app). {"metadata":{"emulator":{"name":"functions"},"message":"\u001b[1mhttp\u001b[22m function initialized (http://localhost:5001/angulardemo-6a542/us-central1/app)."}}
[info] 
┌───────────────────────────────────────────────────────────────────────┐
│ ✔  All emulators ready! View status and logs at http://localhost:4000 │
└───────────────────────────────────────────────────────────────────────┘

┌───────────┬────────────────┬─────────────────────────────────┐
│ Emulator  │ Host:Port      │ View in Emulator UI             │
├───────────┼────────────────┼─────────────────────────────────┤
│ Functions │ localhost:5001 │ http://localhost:4000/functions │
└───────────┴────────────────┴─────────────────────────────────┘
  Other reserved ports: 4400, 4500

Issues? Report them at https://github.com/firebase/firebase-tools/issues and attach the *-debug.log files.
 
[debug] [2020-06-24T05:41:11.433Z] [worker-~diagnostic~-8d877b6c-5c4e-453c-a101-1480309698e8]: IDLE {"metadata":{"emulator":{"name":"functions"},"message":"[worker-~diagnostic~-8d877b6c-5c4e-453c-a101-1480309698e8]: IDLE"}}
[debug] [2020-06-24T05:42:46.829Z] [work-queue] {"queueLength":1,"workRunningCount":0}
[debug] [2020-06-24T05:42:46.830Z] [work-queue] {"queueLength":0,"workRunningCount":1}
[debug] [2020-06-24T05:42:46.830Z] Accepted request GET /angulardemo-6a542/us-central1/app/hello-world --> app
[debug] [2020-06-24T05:42:46.838Z] [worker-pool] addWorker(app) {"metadata":{"emulator":{"name":"functions"},"message":"[worker-pool] addWorker(app)"}}
[debug] [2020-06-24T05:42:46.838Z] [worker-pool] Adding worker with key app, total=1 {"metadata":{"emulator":{"name":"functions"},"message":"[worker-pool] Adding worker with key app, total=1"}}
[debug] [2020-06-24T05:42:46.838Z] [worker-pool] submitWork(triggerId=app) {"metadata":{"emulator":{"name":"functions"},"message":"[worker-pool] submitWork(triggerId=app)"}}
[debug] [2020-06-24T05:42:46.839Z] [worker-app-39c5433a-df3e-4eed-874b-4eb81d1d6e73]: Assigning socketPath: \\?\pipe\C:\Users\Luigi\Desktop\Tecnologias_web\PROYECTO FINAL\pruebaFirebase\firebase-demo\functions\16368 {"metadata":{"emulator":{"name":"functions"},"message":"[worker-app-39c5433a-df3e-4eed-874b-4eb81d1d6e73]: Assigning socketPath: \\\\?\\pipe\\C:\\Users\\Luigi\\Desktop\\Tecnologias_web\\PROYECTO FINAL\\pruebaFirebase\\firebase-demo\\functions\\16368"}}
[debug] [2020-06-24T05:42:46.839Z] [worker-app-39c5433a-df3e-4eed-874b-4eb81d1d6e73]: BUSY {"metadata":{"emulator":{"name":"functions"},"message":"[worker-app-39c5433a-df3e-4eed-874b-4eb81d1d6e73]: BUSY"}}
[debug] [2020-06-24T05:42:47.243Z] [runtime-status] [16368] Functions runtime initialized. {"cwd":"C:\\Users\\Luigi\\Desktop\\Tecnologias_web\\PROYECTO FINAL\\pruebaFirebase\\firebase-demo\\functions","node_version":"12.16.1"} {"metadata":{"emulator":{"name":"functions"},"function":{"name":"app"},"message":"[runtime-status] [16368] Functions runtime initialized. {\"cwd\":\"C:\\\\Users\\\\Luigi\\\\Desktop\\\\Tecnologias_web\\\\PROYECTO FINAL\\\\pruebaFirebase\\\\firebase-demo\\\\functions\",\"node_version\":\"12.16.1\"}"}}
[debug] [2020-06-24T05:42:47.246Z] [runtime-status] [16368] Disabled runtime features: undefined {"metadata":{"emulator":{"name":"functions"},"function":{"name":"app"},"message":"[runtime-status] [16368] Disabled runtime features: undefined"}}
[debug] [2020-06-24T05:42:47.252Z] [runtime-status] [16368] Resolved module firebase-admin {"declared":true,"installed":true,"version":"8.12.1","resolution":"C:\\Users\\Luigi\\Desktop\\Tecnologias_web\\PROYECTO FINAL\\pruebaFirebase\\firebase-demo\\functions\\node_modules\\firebase-admin\\lib\\index.js"} {"metadata":{"emulator":{"name":"functions"},"function":{"name":"app"},"message":"[runtime-status] [16368] Resolved module firebase-admin {\"declared\":true,\"installed\":true,\"version\":\"8.12.1\",\"resolution\":\"C:\\\\Users\\\\Luigi\\\\Desktop\\\\Tecnologias_web\\\\PROYECTO FINAL\\\\pruebaFirebase\\\\firebase-demo\\\\functions\\\\node_modules\\\\firebase-admin\\\\lib\\\\index.js\"}"}}
[debug] [2020-06-24T05:42:47.254Z] [runtime-status] [16368] Resolved module firebase-functions {"declared":true,"installed":true,"version":"3.7.0","resolution":"C:\\Users\\Luigi\\Desktop\\Tecnologias_web\\PROYECTO FINAL\\pruebaFirebase\\firebase-demo\\functions\\node_modules\\firebase-functions\\lib\\index.js"} {"metadata":{"emulator":{"name":"functions"},"function":{"name":"app"},"message":"[runtime-status] [16368] Resolved module firebase-functions {\"declared\":true,\"installed\":true,\"version\":\"3.7.0\",\"resolution\":\"C:\\\\Users\\\\Luigi\\\\Desktop\\\\Tecnologias_web\\\\PROYECTO FINAL\\\\pruebaFirebase\\\\firebase-demo\\\\functions\\\\node_modules\\\\firebase-functions\\\\lib\\\\index.js\"}"}}
[debug] [2020-06-24T05:42:47.255Z] [runtime-status] [16368] Outgoing network have been stubbed. [{"name":"http","status":"mocked"},{"name":"http","status":"mocked"},{"name":"https","status":"mocked"},{"name":"https","status":"mocked"},{"name":"net","status":"mocked"}] {"metadata":{"emulator":{"name":"functions"},"function":{"name":"app"},"message":"[runtime-status] [16368] Outgoing network have been stubbed. [{\"name\":\"http\",\"status\":\"mocked\"},{\"name\":\"http\",\"status\":\"mocked\"},{\"name\":\"https\",\"status\":\"mocked\"},{\"name\":\"https\",\"status\":\"mocked\"},{\"name\":\"net\",\"status\":\"mocked\"}]"}}
[debug] [2020-06-24T05:42:47.256Z] [runtime-status] [16368] Resolved module firebase-functions {"declared":true,"installed":true,"version":"3.7.0","resolution":"C:\\Users\\Luigi\\Desktop\\Tecnologias_web\\PROYECTO FINAL\\pruebaFirebase\\firebase-demo\\functions\\node_modules\\firebase-functions\\lib\\index.js"} {"metadata":{"emulator":{"name":"functions"},"function":{"name":"app"},"message":"[runtime-status] [16368] Resolved module firebase-functions {\"declared\":true,\"installed\":true,\"version\":\"3.7.0\",\"resolution\":\"C:\\\\Users\\\\Luigi\\\\Desktop\\\\Tecnologias_web\\\\PROYECTO FINAL\\\\pruebaFirebase\\\\firebase-demo\\\\functions\\\\node_modules\\\\firebase-functions\\\\lib\\\\index.js\"}"}}
[debug] [2020-06-24T05:42:47.303Z] [runtime-status] [16368] Checked functions.config() {"config":{}} {"metadata":{"emulator":{"name":"functions"},"function":{"name":"app"},"message":"[runtime-status] [16368] Checked functions.config() {\"config\":{}}"}}
[debug] [2020-06-24T05:42:47.303Z] [runtime-status] [16368] firebase-functions has been stubbed. {"functionsResolution":{"declared":true,"installed":true,"version":"3.7.0","resolution":"C:\\Users\\Luigi\\Desktop\\Tecnologias_web\\PROYECTO FINAL\\pruebaFirebase\\firebase-demo\\functions\\node_modules\\firebase-functions\\lib\\index.js"}} {"metadata":{"emulator":{"name":"functions"},"function":{"name":"app"},"message":"[runtime-status] [16368] firebase-functions has been stubbed. {\"functionsResolution\":{\"declared\":true,\"installed\":true,\"version\":\"3.7.0\",\"resolution\":\"C:\\\\Users\\\\Luigi\\\\Desktop\\\\Tecnologias_web\\\\PROYECTO FINAL\\\\pruebaFirebase\\\\firebase-demo\\\\functions\\\\node_modules\\\\firebase-functions\\\\lib\\\\index.js\"}}"}}
[debug] [2020-06-24T05:42:47.304Z] [runtime-status] [16368] Resolved module firebase-functions {"declared":true,"installed":true,"version":"3.7.0","resolution":"C:\\Users\\Luigi\\Desktop\\Tecnologias_web\\PROYECTO FINAL\\pruebaFirebase\\firebase-demo\\functions\\node_modules\\firebase-functions\\lib\\index.js"} {"metadata":{"emulator":{"name":"functions"},"function":{"name":"app"},"message":"[runtime-status] [16368] Resolved module firebase-functions {\"declared\":true,\"installed\":true,\"version\":\"3.7.0\",\"resolution\":\"C:\\\\Users\\\\Luigi\\\\Desktop\\\\Tecnologias_web\\\\PROYECTO FINAL\\\\pruebaFirebase\\\\firebase-demo\\\\functions\\\\node_modules\\\\firebase-functions\\\\lib\\\\index.js\"}"}}
[debug] [2020-06-24T05:42:47.305Z] [runtime-status] [16368] Resolved module firebase-admin {"declared":true,"installed":true,"version":"8.12.1","resolution":"C:\\Users\\Luigi\\Desktop\\Tecnologias_web\\PROYECTO FINAL\\pruebaFirebase\\firebase-demo\\functions\\node_modules\\firebase-admin\\lib\\index.js"} {"metadata":{"emulator":{"name":"functions"},"function":{"name":"app"},"message":"[runtime-status] [16368] Resolved module firebase-admin {\"declared\":true,\"installed\":true,\"version\":\"8.12.1\",\"resolution\":\"C:\\\\Users\\\\Luigi\\\\Desktop\\\\Tecnologias_web\\\\PROYECTO FINAL\\\\pruebaFirebase\\\\firebase-demo\\\\functions\\\\node_modules\\\\firebase-admin\\\\lib\\\\index.js\"}"}}
[debug] [2020-06-24T05:42:47.305Z] [runtime-status] [16368] Resolved module firebase-functions {"declared":true,"installed":true,"version":"3.7.0","resolution":"C:\\Users\\Luigi\\Desktop\\Tecnologias_web\\PROYECTO FINAL\\pruebaFirebase\\firebase-demo\\functions\\node_modules\\firebase-functions\\lib\\index.js"} {"metadata":{"emulator":{"name":"functions"},"function":{"name":"app"},"message":"[runtime-status] [16368] Resolved module firebase-functions {\"declared\":true,\"installed\":true,\"version\":\"3.7.0\",\"resolution\":\"C:\\\\Users\\\\Luigi\\\\Desktop\\\\Tecnologias_web\\\\PROYECTO FINAL\\\\pruebaFirebase\\\\firebase-demo\\\\functions\\\\node_modules\\\\firebase-functions\\\\lib\\\\index.js\"}"}}
[debug] [2020-06-24T05:42:47.306Z] [runtime-status] [16368] firebase-admin has been stubbed. {"adminResolution":{"declared":true,"installed":true,"version":"8.12.1","resolution":"C:\\Users\\Luigi\\Desktop\\Tecnologias_web\\PROYECTO FINAL\\pruebaFirebase\\firebase-demo\\functions\\node_modules\\firebase-admin\\lib\\index.js"}} {"metadata":{"emulator":{"name":"functions"},"function":{"name":"app"},"message":"[runtime-status] [16368] firebase-admin has been stubbed. {\"adminResolution\":{\"declared\":true,\"installed\":true,\"version\":\"8.12.1\",\"resolution\":\"C:\\\\Users\\\\Luigi\\\\Desktop\\\\Tecnologias_web\\\\PROYECTO FINAL\\\\pruebaFirebase\\\\firebase-demo\\\\functions\\\\node_modules\\\\firebase-admin\\\\lib\\\\index.js\"}}"}}
[debug] [2020-06-24T05:42:47.435Z] [runtime-status] [16368] Trigger "app" has been found, beginning invocation! {"metadata":{"emulator":{"name":"functions"},"function":{"name":"app"},"message":"[runtime-status] [16368] Trigger \"app\" has been found, beginning invocation!"}}
[info] i  functions: Beginning execution of "app" {"metadata":{"emulator":{"name":"functions"},"function":{"name":"app"},"message":"Beginning execution of \"app\""}}
[debug] [2020-06-24T05:42:47.437Z] [runtime-status] [16368] triggerDefinition {"httpsTrigger":{},"name":"app","entryPoint":"app"} {"metadata":{"emulator":{"name":"functions"},"function":{"name":"app"},"message":"[runtime-status] [16368] triggerDefinition {\"httpsTrigger\":{},\"name\":\"app\",\"entryPoint\":\"app\"}"}}
[debug] [2020-06-24T05:42:47.437Z] [runtime-status] [16368] Running app in mode HTTPS {"metadata":{"emulator":{"name":"functions"},"function":{"name":"app"},"message":"[runtime-status] [16368] Running app in mode HTTPS"}}
[debug] [2020-06-24T05:42:47.440Z] [runtime-status] [16368] Attempting to listen to socketPath: \\?\pipe\C:\Users\Luigi\Desktop\Tecnologias_web\PROYECTO FINAL\pruebaFirebase\firebase-demo\functions\16368 {"metadata":{"emulator":{"name":"functions"},"function":{"name":"app"},"message":"[runtime-status] [16368] Attempting to listen to socketPath: \\\\?\\pipe\\C:\\Users\\Luigi\\Desktop\\Tecnologias_web\\PROYECTO FINAL\\pruebaFirebase\\firebase-demo\\functions\\16368"}}
[debug] [2020-06-24T05:42:47.445Z] [functions] Runtime ready! Sending request! {"metadata":{"emulator":{"name":"functions"},"message":"[functions] Runtime ready! Sending request!"}}
[debug] [2020-06-24T05:42:47.454Z] [runtime-status] [16368] Ephemeral server handling GET request {"metadata":{"emulator":{"name":"functions"},"function":{"name":"app"},"message":"[runtime-status] [16368] Ephemeral server handling GET request"}}
[debug] [2020-06-24T05:42:47.463Z] [runtime-status] [16368] Ephemeral server survived. {"metadata":{"emulator":{"name":"functions"},"function":{"name":"app"},"message":"[runtime-status] [16368] Ephemeral server survived."}}
[info] i  functions: Finished "app" in ~1s {"metadata":{"emulator":{"name":"functions"},"function":{"name":"app"},"message":"Finished \"app\" in ~1s"}}
[debug] [2020-06-24T05:42:47.467Z] [worker-app-39c5433a-df3e-4eed-874b-4eb81d1d6e73]: IDLE {"metadata":{"emulator":{"name":"functions"},"message":"[worker-app-39c5433a-df3e-4eed-874b-4eb81d1d6e73]: IDLE"}}
[debug] [2020-06-24T05:42:47.467Z] [work-queue] {"queueLength":0,"workRunningCount":0}
[debug] [2020-06-24T13:19:36.604Z] [work-queue] {"queueLength":1,"workRunningCount":0}
[debug] [2020-06-24T13:19:36.614Z] [work-queue] {"queueLength":0,"workRunningCount":1}
[debug] [2020-06-24T13:19:36.629Z] FirebaseError: No trigger with name hello-world {"metadata":{"emulator":{"name":"functions"},"message":{"name":"FirebaseError","children":[],"exit":1,"message":"No trigger with name hello-world","status":500}}}
[debug] [2020-06-24T13:19:36.631Z] [work-queue] {"queueLength":0,"workRunningCount":0}
[debug] [2020-06-24T13:42:40.393Z] [worker-app-39c5433a-df3e-4eed-874b-4eb81d1d6e73]: exited {"metadata":{"emulator":{"name":"functions"},"message":"[worker-app-39c5433a-df3e-4eed-874b-4eb81d1d6e73]: exited"}}
[debug] [2020-06-24T13:42:40.397Z] [worker-app-39c5433a-df3e-4eed-874b-4eb81d1d6e73]: FINISHED {"metadata":{"emulator":{"name":"functions"},"message":"[worker-app-39c5433a-df3e-4eed-874b-4eb81d1d6e73]: FINISHED"}}
[debug] [2020-06-24T13:42:40.401Z] [worker-~diagnostic~-8d877b6c-5c4e-453c-a101-1480309698e8]: exited {"metadata":{"emulator":{"name":"functions"},"message":"[worker-~diagnostic~-8d877b6c-5c4e-453c-a101-1480309698e8]: exited"}}
[debug] [2020-06-24T13:42:40.401Z] [worker-~diagnostic~-8d877b6c-5c4e-453c-a101-1480309698e8]: FINISHED {"metadata":{"emulator":{"name":"functions"},"message":"[worker-~diagnostic~-8d877b6c-5c4e-453c-a101-1480309698e8]: FINISHED"}}
